<?xml version="1.0" encoding="UTF-8"?>
<!-- Generated by org.testng.reporters.JUnitReportReporter -->
<testsuite hostname="LAPTOP-4AU89471" failures="0" tests="1" name="StreamIntegerSorting" time="0.266" errors="0" timestamp="2024-03-23T12:43:46 IST" skipped="0">
  <testcase classname="StreamIntegerSorting" name="streamCollect" time="0.266"/>
</testsuite> <!-- StreamIntegerSorting -->
