<?xml version="1.0" encoding="UTF-8"?>
<!-- Generated by org.testng.reporters.JUnitReportReporter -->
<testsuite hostname="LAPTOP-4AU89471" failures="0" tests="1" name="Streams" time="0.013" errors="0" timestamp="2024-03-21T23:36:06 IST" skipped="0">
  <testcase classname="Streams" name="StreamFilter" time="0.013"/>
</testsuite> <!-- Streams -->
